0 info it worked if it ends with ok
1 verbose cli [ 'node',
1 verbose cli   '/usr/local/bin/npm',
1 verbose cli   'install',
1 verbose cli   '--save-dev',
1 verbose cli   'gulp-responsive' ]
2 info using npm@2.10.1
3 info using node@v0.12.4
4 verbose install initial load of /Users/Lars/Documents/CSM/Unit 7/#4 Pop-up/upwaythis.com/package.json
5 verbose installManyTop reading scoped package data from /Users/Lars/Documents/CSM/Unit 7/#4 Pop-up/upwaythis.com/node_modules/browser-sync/package.json
6 verbose installManyTop reading scoped package data from /Users/Lars/Documents/CSM/Unit 7/#4 Pop-up/upwaythis.com/node_modules/gulp/package.json
7 verbose installManyTop reading scoped package data from /Users/Lars/Documents/CSM/Unit 7/#4 Pop-up/upwaythis.com/node_modules/gulp-autoprefixer/package.json
8 verbose installManyTop reading scoped package data from /Users/Lars/Documents/CSM/Unit 7/#4 Pop-up/upwaythis.com/node_modules/gulp-changed/package.json
9 verbose installManyTop reading scoped package data from /Users/Lars/Documents/CSM/Unit 7/#4 Pop-up/upwaythis.com/node_modules/gulp-concat/package.json
10 verbose installManyTop reading scoped package data from /Users/Lars/Documents/CSM/Unit 7/#4 Pop-up/upwaythis.com/node_modules/gulp-imagemin/package.json
11 verbose installManyTop reading scoped package data from /Users/Lars/Documents/CSM/Unit 7/#4 Pop-up/upwaythis.com/node_modules/gulp-jshint/package.json
12 verbose installManyTop reading scoped package data from /Users/Lars/Documents/CSM/Unit 7/#4 Pop-up/upwaythis.com/node_modules/gulp-minify-css/package.json
13 verbose installManyTop reading scoped package data from /Users/Lars/Documents/CSM/Unit 7/#4 Pop-up/upwaythis.com/node_modules/gulp-minify-html/package.json
14 verbose installManyTop reading scoped package data from /Users/Lars/Documents/CSM/Unit 7/#4 Pop-up/upwaythis.com/node_modules/gulp-plumber/package.json
15 verbose installManyTop reading scoped package data from /Users/Lars/Documents/CSM/Unit 7/#4 Pop-up/upwaythis.com/node_modules/gulp-rename/package.json
16 verbose installManyTop reading scoped package data from /Users/Lars/Documents/CSM/Unit 7/#4 Pop-up/upwaythis.com/node_modules/gulp-sass/package.json
17 verbose installManyTop reading scoped package data from /Users/Lars/Documents/CSM/Unit 7/#4 Pop-up/upwaythis.com/node_modules/gulp-uglify/package.json
18 verbose installManyTop reading scoped package data from /Users/Lars/Documents/CSM/Unit 7/#4 Pop-up/upwaythis.com/node_modules/imagemin-pngquant/package.json
19 info package.json gulp@3.8.11 No license field.
20 info package.json gulp-rename@1.2.2 No license field.
21 info package.json gulp-minify-css@1.1.1 No license field.
22 info package.json gulp-concat@2.5.2 No license field.
23 info package.json gulp-plumber@0.6.6 No license field.
24 info package.json gulp-minify-html@1.0.2 No license field.
25 verbose readDependencies loading dependencies from /Users/Lars/Documents/CSM/Unit 7/#4 Pop-up/upwaythis.com/package.json
26 silly cache add args [ 'gulp-responsive', null ]
27 verbose cache add spec gulp-responsive
28 silly cache add parsed spec { raw: 'gulp-responsive',
28 silly cache add   scope: null,
28 silly cache add   name: 'gulp-responsive',
28 silly cache add   rawSpec: '',
28 silly cache add   spec: '*',
28 silly cache add   type: 'range' }
29 silly addNamed gulp-responsive@*
30 verbose addNamed "*" is a valid semver range for gulp-responsive
31 silly addNameRange { name: 'gulp-responsive', range: '*', hasData: false }
32 silly mapToRegistry name gulp-responsive
33 silly mapToRegistry using default registry
34 silly mapToRegistry registry https://registry.npmjs.org/
35 silly mapToRegistry uri https://registry.npmjs.org/gulp-responsive
36 verbose addNameRange registry:https://registry.npmjs.org/gulp-responsive not in flight; fetching
37 verbose request uri https://registry.npmjs.org/gulp-responsive
38 verbose request no auth needed
39 info attempt registry request try #1 at 8:11:39 PM
40 verbose request id 3f11e21a2d3c6072
41 verbose etag "20LFV2A1I30JKMYTRWSN37MUW"
42 http request GET https://registry.npmjs.org/gulp-responsive
43 http 304 https://registry.npmjs.org/gulp-responsive
44 silly get cb [ 304,
44 silly get   { date: 'Mon, 25 May 2015 19:11:39 GMT',
44 silly get     via: '1.1 varnish',
44 silly get     'cache-control': 'max-age=60',
44 silly get     etag: '"20LFV2A1I30JKMYTRWSN37MUW"',
44 silly get     age: '0',
44 silly get     connection: 'keep-alive',
44 silly get     'x-served-by': 'cache-lcy1126-LCY',
44 silly get     'x-cache': 'MISS',
44 silly get     'x-cache-hits': '0',
44 silly get     'x-timer': 'S1432581099.850937,VS0,VE158',
44 silly get     vary: 'Accept' } ]
45 verbose etag https://registry.npmjs.org/gulp-responsive from cache
46 verbose get saving gulp-responsive to /Users/Lars/.npm/registry.npmjs.org/gulp-responsive/.cache.json
47 silly addNameRange number 2 { name: 'gulp-responsive', range: '*', hasData: true }
48 silly addNameRange versions [ 'gulp-responsive',
48 silly addNameRange   [ '0.0.1',
48 silly addNameRange     '1.0.0',
48 silly addNameRange     '1.0.1',
48 silly addNameRange     '1.0.2',
48 silly addNameRange     '1.0.3',
48 silly addNameRange     '1.0.4',
48 silly addNameRange     '1.0.5',
48 silly addNameRange     '1.0.6',
48 silly addNameRange     '1.0.7',
48 silly addNameRange     '1.1.0' ] ]
49 silly addNamed gulp-responsive@1.1.0
50 verbose addNamed "1.1.0" is a plain semver version for gulp-responsive
51 silly mapToRegistry name gulp-responsive
52 silly mapToRegistry using default registry
53 silly mapToRegistry registry https://registry.npmjs.org/
54 silly mapToRegistry uri https://registry.npmjs.org/gulp-responsive
55 verbose addRemoteTarball https://registry.npmjs.org/gulp-responsive/-/gulp-responsive-1.1.0.tgz not in flight; adding
56 verbose addRemoteTarball [ 'https://registry.npmjs.org/gulp-responsive/-/gulp-responsive-1.1.0.tgz',
56 verbose addRemoteTarball   '43d9ff0d051325c7e362b2d02f8973371f0a883a' ]
57 info retry fetch attempt 1 at 8:11:40 PM
58 info attempt registry request try #1 at 8:11:40 PM
59 http fetch GET https://registry.npmjs.org/gulp-responsive/-/gulp-responsive-1.1.0.tgz
60 http fetch 404 https://registry.npmjs.org/gulp-responsive/-/gulp-responsive-1.1.0.tgz
61 error fetch failed https://registry.npmjs.org/gulp-responsive/-/gulp-responsive-1.1.0.tgz
62 warn retry will retry, error on last attempt: Error: fetch failed with status code 404
63 info retry fetch attempt 2 at 8:11:51 PM
64 info attempt registry request try #1 at 8:11:51 PM
65 http fetch GET https://registry.npmjs.org/gulp-responsive/-/gulp-responsive-1.1.0.tgz
66 http fetch 404 https://registry.npmjs.org/gulp-responsive/-/gulp-responsive-1.1.0.tgz
67 error fetch failed https://registry.npmjs.org/gulp-responsive/-/gulp-responsive-1.1.0.tgz
68 warn retry will retry, error on last attempt: Error: fetch failed with status code 404
69 info retry fetch attempt 3 at 8:12:53 PM
70 info attempt registry request try #1 at 8:12:53 PM
71 http fetch GET https://registry.npmjs.org/gulp-responsive/-/gulp-responsive-1.1.0.tgz
72 http fetch 404 https://registry.npmjs.org/gulp-responsive/-/gulp-responsive-1.1.0.tgz
73 error fetch failed https://registry.npmjs.org/gulp-responsive/-/gulp-responsive-1.1.0.tgz
74 verbose stack Error: fetch failed with status code 404
74 verbose stack     at Request.<anonymous> (/usr/local/lib/node_modules/npm/node_modules/npm-registry-client/lib/fetch.js:51:14)
74 verbose stack     at Request.emit (events.js:107:17)
74 verbose stack     at Request.onRequestResponse (/usr/local/lib/node_modules/npm/node_modules/request/request.js:1156:10)
74 verbose stack     at ClientRequest.emit (events.js:107:17)
74 verbose stack     at HTTPParser.parserOnIncomingClient [as onIncoming] (_http_client.js:426:21)
74 verbose stack     at HTTPParser.parserOnHeadersComplete (_http_common.js:111:23)
74 verbose stack     at TLSSocket.socketOnData (_http_client.js:317:20)
74 verbose stack     at TLSSocket.emit (events.js:107:17)
74 verbose stack     at readableAddChunk (_stream_readable.js:163:16)
74 verbose stack     at TLSSocket.Readable.push (_stream_readable.js:126:10)
75 verbose cwd /Users/Lars/Documents/CSM/Unit 7/#4 Pop-up/upwaythis.com
76 error Darwin 14.1.0
77 error argv "node" "/usr/local/bin/npm" "install" "--save-dev" "gulp-responsive"
78 error node v0.12.4
79 error npm  v2.10.1
80 error fetch failed with status code 404
81 error If you need help, you may report this error at:
81 error     <https://github.com/npm/npm/issues>
82 verbose exit [ 1, true ]
